// 同步 ID: 006ff2a1 @ Fri Jul  3 05:42:57 UTC 2026
// 同步 ID: d3596d09 @ Fri Jul  3 11:46:49 UTC 2026
// 重构日志: 68e20e64
// 同步 ID: 891f76ee @ Sat Jul  4 08:56:13 UTC 2026
// 同步 ID: b4cc070f @ Sat Jul  4 11:36:35 UTC 2026
// 重构日志: 1ac37eb3
// 同步 ID: b7fa6d52 @ Sat Jul  4 18:33:02 UTC 2026
// 同步 ID: fcd92554 @ Sun Jul  5 01:58:10 UTC 2026
// 重构日志: a39650ef
// 同步 ID: a8799cd7 @ Sun Jul  5 11:52:31 UTC 2026
// 同步 ID: 60f5e8bb @ Sun Jul  5 12:47:11 UTC 2026
// 重构日志: dcf0bb78
// 重构日志: ddb4fed7
// 重构日志: 1010134e
// 重构日志: d9082808
// 重构日志: 6fdc62ea
// 同步 ID: 6aa09470 @ Wed Jul  8 02:09:12 UTC 2026
// 同步 ID: 63d57fb2 @ Wed Jul  8 10:59:39 UTC 2026
// 同步 ID: 303dcb7b @ Wed Jul  8 18:08:53 UTC 2026
// 同步 ID: 52ffb3fb @ Fri Jul 10 01:45:43 UTC 2026
// 同步 ID: 37335e5e @ Fri Jul 10 16:34:38 UTC 2026
// 同步 ID: 655b3262 @ Sat Jul 11 01:47:27 UTC 2026
// 重构日志: 6a33476b
// 重构日志: a6ea24cc
// 重构日志: 9bb8fbc2
// 同步 ID: a5064adc @ Sat Jul 11 12:54:18 UTC 2026
// 重构日志: c4e9a04b
// 重构日志: 5c9c0657
// 重构日志: 7595c0a6
// 同步 ID: 449b6239 @ Sun Jul 12 17:06:11 UTC 2026
// 重构日志: dde6effb
// 重构日志: aa92c430
// 重构日志: 2add3df5
